:compileJava UP-TO-DATE
:processResources UP-TO-DATE
:classes UP-TO-DATE
:jar UP-TO-DATE
:startScripts UP-TO-DATE
:distTar UP-TO-DATE
:distZip UP-TO-DATE
:assemble UP-TO-DATE
:findbugsMain UP-TO-DATE
:compileTestJava UP-TO-DATE
:processTestResources UP-TO-DATE
:testClasses UP-TO-DATE
:test

chihz.bot.elder.ElderServiceTestCase > testAnswerQuestion FAILED
    org.junit.ComparisonFailure at ElderServiceTestCase.java:36
:test FAILED

BUILD FAILED

Total time: 6.583 secs
